<?xml version="1.0" encoding="UTF-8"?>
<!-- Generated by org.testng.reporters.JUnitReportReporter -->
<testsuite hostname="MYDUYEN" failures="0" tests="3" name="failedPASS.CalculatorTest" time="0.079" errors="0" timestamp="2024-10-02T14:28:02 ICT" skipped="0">
  <testcase classname="failedPASS.CalculatorTest" name="testAdditionFail" time="0.003"/>
  <system-out/>
  <testcase classname="failedPASS.CalculatorTest" name="testSubtraction" time="0.003"/>
  <system-out/>
  <testcase classname="failedPASS.CalculatorTest" name="testAddition" time="0.073"/>
  <system-out/>
</testsuite> <!-- failedPASS.CalculatorTest -->
